  stdafx.cpp
  TestAST.cpp
c:\users\le minh phuc\documents\spa\emptygeneraltesting\source\pkb\variable.h(15): error C2065: 'Statement': undeclared identifier
c:\users\le minh phuc\documents\spa\emptygeneraltesting\source\pkb\variable.h(15): error C2923: 'std::vector': 'Statement' is not a valid template type argument for parameter '_Ty'
c:\users\le minh phuc\documents\spa\emptygeneraltesting\source\pkb\variable.h(15): error C3203: 'allocator': unspecialized class template can't be used as a template argument for template parameter '_Alloc', expected a real type
c:\users\le minh phuc\documents\spa\emptygeneraltesting\source\pkb\variable.h(16): error C2065: 'Statement': undeclared identifier
c:\users\le minh phuc\documents\spa\emptygeneraltesting\source\pkb\variable.h(16): error C2923: 'std::vector': 'Statement' is not a valid template type argument for parameter '_Ty'
c:\users\le minh phuc\documents\spa\emptygeneraltesting\source\pkb\variable.h(16): error C3203: 'allocator': unspecialized class template can't be used as a template argument for template parameter '_Alloc', expected a real type
c:\users\le minh phuc\documents\spa\emptygeneraltesting\source\pkb\variable.h(22): error C2061: syntax error: identifier 'Statement'
c:\users\le minh phuc\documents\spa\emptygeneraltesting\source\pkb\variable.h(23): error C2061: syntax error: identifier 'Statement'
c:\users\le minh phuc\documents\spa\emptygeneraltesting\source\pkb\variable.h(24): warning C4624: 'Variable': destructor was implicitly defined as deleted
c:\users\le minh phuc\documents\spa\emptygeneraltesting\source\pkb\whilestatement.h(7): error C2504: 'StatementContainer': base class undefined
c:\users\le minh phuc\documents\spa\emptygeneraltesting\source\pkb\whilestatement.h(7): error C2504: 'Statement': base class undefined
c:\users\le minh phuc\documents\spa\emptygeneraltesting\source\pkb\statementlist.h(15): error C2143: syntax error: missing ';' before '*'
c:\users\le minh phuc\documents\spa\emptygeneraltesting\source\pkb\statementlist.h(15): error C4430: missing type specifier - int assumed. Note: C++ does not support default-int
c:\users\le minh phuc\documents\spa\emptygeneraltesting\source\pkb\statementlist.h(15): error C2238: unexpected token(s) preceding ';'
c:\users\le minh phuc\documents\spa\emptygeneraltesting\source\pkb\statementlist.h(17): error C2143: syntax error: missing ';' before '*'
c:\users\le minh phuc\documents\spa\emptygeneraltesting\source\pkb\statementlist.h(17): error C4430: missing type specifier - int assumed. Note: C++ does not support default-int
c:\users\le minh phuc\documents\spa\emptygeneraltesting\source\pkb\statementlist.h(17): error C2238: unexpected token(s) preceding ';'
c:\users\le minh phuc\documents\spa\emptygeneraltesting\source\pkb\statementlist.h(20): error C2061: syntax error: identifier 'StatementContainer'
c:\users\le minh phuc\documents\spa\emptygeneraltesting\source\pkb\statementlist.h(26): error C2143: syntax error: missing ';' before '*'
c:\users\le minh phuc\documents\spa\emptygeneraltesting\source\pkb\statementlist.h(26): error C4430: missing type specifier - int assumed. Note: C++ does not support default-int
c:\users\le minh phuc\documents\spa\emptygeneraltesting\source\pkb\statementlist.h(26): error C2238: unexpected token(s) preceding ';'
c:\users\le minh phuc\documents\spa\emptygeneraltesting\source\pkb\statementlist.h(33): error C2143: syntax error: missing ';' before '*'
c:\users\le minh phuc\documents\spa\emptygeneraltesting\source\pkb\statementlist.h(33): error C4430: missing type specifier - int assumed. Note: C++ does not support default-int
c:\users\le minh phuc\documents\spa\emptygeneraltesting\source\pkb\statementlist.h(33): error C2238: unexpected token(s) preceding ';'
c:\users\le minh phuc\documents\spa\emptygeneraltesting\source\pkb\statementlist.h(34): error C2143: syntax error: missing ';' before '*'
c:\users\le minh phuc\documents\spa\emptygeneraltesting\source\pkb\statementlist.h(34): error C4430: missing type specifier - int assumed. Note: C++ does not support default-int
c:\users\le minh phuc\documents\spa\emptygeneraltesting\source\pkb\statementlist.h(34): error C2238: unexpected token(s) preceding ';'
c:\users\le minh phuc\documents\spa\emptygeneraltesting\source\pkb\statementcontainer.h(23): error C2143: syntax error: missing ';' before '*'
c:\users\le minh phuc\documents\spa\emptygeneraltesting\source\pkb\statementcontainer.h(23): error C4430: missing type specifier - int assumed. Note: C++ does not support default-int
c:\users\le minh phuc\documents\spa\emptygeneraltesting\source\pkb\statementcontainer.h(23): error C2238: unexpected token(s) preceding ';'
c:\users\le minh phuc\documents\spa\emptygeneraltesting\unittesting\testast.cpp(22): error C2039: 'follow': is not a member of 'PKB'
  c:\users\le minh phuc\documents\spa\emptygeneraltesting\source\pkb\pkb.h(18): note: see declaration of 'PKB'
c:\users\le minh phuc\documents\spa\emptygeneraltesting\unittesting\testast.cpp(27): error C2665: 'Microsoft::VisualStudio::CppUnitTestFramework::Assert::AreEqual': none of the 8 overloads could convert all the argument types
  c:\program files (x86)\microsoft visual studio 14.0\vc\unittest\include\cppunittestassert.h(178): note: could be 'void Microsoft::VisualStudio::CppUnitTestFramework::Assert::AreEqual(const wchar_t *,const wchar_t *,bool,const wchar_t *,const Microsoft::VisualStudio::CppUnitTestFramework::__LineInfo *)'
  c:\program files (x86)\microsoft visual studio 14.0\vc\unittest\include\cppunittestassert.h(172): note: or       'void Microsoft::VisualStudio::CppUnitTestFramework::Assert::AreEqual(const wchar_t *,const wchar_t *,const wchar_t *,const Microsoft::VisualStudio::CppUnitTestFramework::__LineInfo *)'
  c:\program files (x86)\microsoft visual studio 14.0\vc\unittest\include\cppunittestassert.h(166): note: or       'void Microsoft::VisualStudio::CppUnitTestFramework::Assert::AreEqual(const wchar_t *,const wchar_t *,const char *,const Microsoft::VisualStudio::CppUnitTestFramework::__LineInfo *)'
  c:\program files (x86)\microsoft visual studio 14.0\vc\unittest\include\cppunittestassert.h(159): note: or       'void Microsoft::VisualStudio::CppUnitTestFramework::Assert::AreEqual(const char *,const char *,bool,const wchar_t *,const Microsoft::VisualStudio::CppUnitTestFramework::__LineInfo *)'
  c:\program files (x86)\microsoft visual studio 14.0\vc\unittest\include\cppunittestassert.h(153): note: or       'void Microsoft::VisualStudio::CppUnitTestFramework::Assert::AreEqual(const char *,const char *,const wchar_t *,const Microsoft::VisualStudio::CppUnitTestFramework::__LineInfo *)'
  c:\program files (x86)\microsoft visual studio 14.0\vc\unittest\include\cppunittestassert.h(147): note: or       'void Microsoft::VisualStudio::CppUnitTestFramework::Assert::AreEqual(const char *,const char *,const char *,const Microsoft::VisualStudio::CppUnitTestFramework::__LineInfo *)'
  c:\program files (x86)\microsoft visual studio 14.0\vc\unittest\include\cppunittestassert.h(140): note: or       'void Microsoft::VisualStudio::CppUnitTestFramework::Assert::AreEqual(float,float,float,const wchar_t *,const Microsoft::VisualStudio::CppUnitTestFramework::__LineInfo *)'
  c:\program files (x86)\microsoft visual studio 14.0\vc\unittest\include\cppunittestassert.h(133): note: or       'void Microsoft::VisualStudio::CppUnitTestFramework::Assert::AreEqual(double,double,double,const wchar_t *,const Microsoft::VisualStudio::CppUnitTestFramework::__LineInfo *)'
  c:\users\le minh phuc\documents\spa\emptygeneraltesting\unittesting\testast.cpp(27): note: while trying to match the argument list '(int, const wchar_t [18], Microsoft::VisualStudio::CppUnitTestFramework::__LineInfo *)'
  StatementTest.cpp
c:\users\le minh phuc\documents\spa\emptygeneraltesting\source\pkb\variable.h(15): error C2065: 'Statement': undeclared identifier
c:\users\le minh phuc\documents\spa\emptygeneraltesting\source\pkb\variable.h(15): error C2923: 'std::vector': 'Statement' is not a valid template type argument for parameter '_Ty'
c:\users\le minh phuc\documents\spa\emptygeneraltesting\source\pkb\variable.h(15): error C3203: 'allocator': unspecialized class template can't be used as a template argument for template parameter '_Alloc', expected a real type
c:\users\le minh phuc\documents\spa\emptygeneraltesting\source\pkb\variable.h(16): error C2065: 'Statement': undeclared identifier
c:\users\le minh phuc\documents\spa\emptygeneraltesting\source\pkb\variable.h(16): error C2923: 'std::vector': 'Statement' is not a valid template type argument for parameter '_Ty'
c:\users\le minh phuc\documents\spa\emptygeneraltesting\source\pkb\variable.h(16): error C3203: 'allocator': unspecialized class template can't be used as a template argument for template parameter '_Alloc', expected a real type
c:\users\le minh phuc\documents\spa\emptygeneraltesting\source\pkb\variable.h(22): error C2061: syntax error: identifier 'Statement'
c:\users\le minh phuc\documents\spa\emptygeneraltesting\source\pkb\variable.h(23): error C2061: syntax error: identifier 'Statement'
c:\users\le minh phuc\documents\spa\emptygeneraltesting\source\pkb\variable.h(24): warning C4624: 'Variable': destructor was implicitly defined as deleted
c:\users\le minh phuc\documents\spa\emptygeneraltesting\source\pkb\assignstatement.h(10): error C2504: 'Statement': base class undefined
c:\users\le minh phuc\documents\spa\emptygeneraltesting\source\pkb\whilestatement.h(7): error C2504: 'StatementContainer': base class undefined
c:\users\le minh phuc\documents\spa\emptygeneraltesting\source\pkb\whilestatement.h(7): error C2504: 'Statement': base class undefined
c:\users\le minh phuc\documents\spa\emptygeneraltesting\source\pkb\statementlist.h(15): error C2143: syntax error: missing ';' before '*'
c:\users\le minh phuc\documents\spa\emptygeneraltesting\source\pkb\statementlist.h(15): error C4430: missing type specifier - int assumed. Note: C++ does not support default-int
c:\users\le minh phuc\documents\spa\emptygeneraltesting\source\pkb\statementlist.h(15): error C2238: unexpected token(s) preceding ';'
c:\users\le minh phuc\documents\spa\emptygeneraltesting\source\pkb\statementlist.h(17): error C2143: syntax error: missing ';' before '*'
c:\users\le minh phuc\documents\spa\emptygeneraltesting\source\pkb\statementlist.h(17): error C4430: missing type specifier - int assumed. Note: C++ does not support default-int
c:\users\le minh phuc\documents\spa\emptygeneraltesting\source\pkb\statementlist.h(17): error C2238: unexpected token(s) preceding ';'
c:\users\le minh phuc\documents\spa\emptygeneraltesting\source\pkb\statementlist.h(20): error C2061: syntax error: identifier 'StatementContainer'
c:\users\le minh phuc\documents\spa\emptygeneraltesting\source\pkb\statementlist.h(33): error C2143: syntax error: missing ';' before '*'
c:\users\le minh phuc\documents\spa\emptygeneraltesting\source\pkb\statementlist.h(33): error C4430: missing type specifier - int assumed. Note: C++ does not support default-int
c:\users\le minh phuc\documents\spa\emptygeneraltesting\source\pkb\statementlist.h(33): error C2238: unexpected token(s) preceding ';'
c:\users\le minh phuc\documents\spa\emptygeneraltesting\source\pkb\statementlist.h(34): error C2143: syntax error: missing ';' before '*'
c:\users\le minh phuc\documents\spa\emptygeneraltesting\source\pkb\statementlist.h(34): error C4430: missing type specifier - int assumed. Note: C++ does not support default-int
c:\users\le minh phuc\documents\spa\emptygeneraltesting\source\pkb\statementlist.h(34): error C2238: unexpected token(s) preceding ';'
c:\users\le minh phuc\documents\spa\emptygeneraltesting\unittesting\statementtest.cpp(35): error C2664: 'Statement::Statement(Statement &&)': cannot convert argument 2 from 'Statement *' to 'StatementContainer *'
  c:\users\le minh phuc\documents\spa\emptygeneraltesting\unittesting\statementtest.cpp(35): note: Types pointed to are unrelated; conversion requires reinterpret_cast, C-style cast or function-style cast
c:\users\le minh phuc\documents\spa\emptygeneraltesting\unittesting\statementtest.cpp(75): error C2664: 'Statement::Statement(Statement &&)': cannot convert argument 2 from 'Statement *' to 'StatementContainer *'
  c:\users\le minh phuc\documents\spa\emptygeneraltesting\unittesting\statementtest.cpp(75): note: Types pointed to are unrelated; conversion requires reinterpret_cast, C-style cast or function-style cast
c:\users\le minh phuc\documents\spa\emptygeneraltesting\unittesting\statementtest.cpp(119): error C2664: 'Statement::Statement(Statement &&)': cannot convert argument 2 from 'Statement *' to 'StatementContainer *'
  c:\users\le minh phuc\documents\spa\emptygeneraltesting\unittesting\statementtest.cpp(119): note: Types pointed to are unrelated; conversion requires reinterpret_cast, C-style cast or function-style cast
c:\users\le minh phuc\documents\spa\emptygeneraltesting\unittesting\statementtest.cpp(127): error C2664: 'Statement::Statement(Statement &&)': cannot convert argument 2 from 'Statement *' to 'StatementContainer *'
  c:\users\le minh phuc\documents\spa\emptygeneraltesting\unittesting\statementtest.cpp(127): note: Types pointed to are unrelated; conversion requires reinterpret_cast, C-style cast or function-style cast
  StatementListTest.cpp
c:\users\le minh phuc\documents\spa\emptygeneraltesting\source\pkb\variable.h(15): error C2065: 'Statement': undeclared identifier
c:\users\le minh phuc\documents\spa\emptygeneraltesting\source\pkb\variable.h(15): error C2923: 'std::vector': 'Statement' is not a valid template type argument for parameter '_Ty'
c:\users\le minh phuc\documents\spa\emptygeneraltesting\source\pkb\variable.h(15): error C3203: 'allocator': unspecialized class template can't be used as a template argument for template parameter '_Alloc', expected a real type
c:\users\le minh phuc\documents\spa\emptygeneraltesting\source\pkb\variable.h(16): error C2065: 'Statement': undeclared identifier
c:\users\le minh phuc\documents\spa\emptygeneraltesting\source\pkb\variable.h(16): error C2923: 'std::vector': 'Statement' is not a valid template type argument for parameter '_Ty'
c:\users\le minh phuc\documents\spa\emptygeneraltesting\source\pkb\variable.h(16): error C3203: 'allocator': unspecialized class template can't be used as a template argument for template parameter '_Alloc', expected a real type
c:\users\le minh phuc\documents\spa\emptygeneraltesting\source\pkb\variable.h(22): error C2061: syntax error: identifier 'Statement'
c:\users\le minh phuc\documents\spa\emptygeneraltesting\source\pkb\variable.h(23): error C2061: syntax error: identifier 'Statement'
c:\users\le minh phuc\documents\spa\emptygeneraltesting\source\pkb\variable.h(24): warning C4624: 'Variable': destructor was implicitly defined as deleted
c:\users\le minh phuc\documents\spa\emptygeneraltesting\source\pkb\assignstatement.h(10): error C2504: 'Statement': base class undefined
c:\users\le minh phuc\documents\spa\emptygeneraltesting\source\pkb\whilestatement.h(7): error C2504: 'StatementContainer': base class undefined
c:\users\le minh phuc\documents\spa\emptygeneraltesting\source\pkb\whilestatement.h(7): error C2504: 'Statement': base class undefined
c:\users\le minh phuc\documents\spa\emptygeneraltesting\source\pkb\statementlist.h(15): error C2143: syntax error: missing ';' before '*'
c:\users\le minh phuc\documents\spa\emptygeneraltesting\source\pkb\statementlist.h(15): error C4430: missing type specifier - int assumed. Note: C++ does not support default-int
c:\users\le minh phuc\documents\spa\emptygeneraltesting\source\pkb\statementlist.h(15): error C2238: unexpected token(s) preceding ';'
c:\users\le minh phuc\documents\spa\emptygeneraltesting\source\pkb\statementlist.h(17): error C2143: syntax error: missing ';' before '*'
c:\users\le minh phuc\documents\spa\emptygeneraltesting\source\pkb\statementlist.h(17): error C4430: missing type specifier - int assumed. Note: C++ does not support default-int
c:\users\le minh phuc\documents\spa\emptygeneraltesting\source\pkb\statementlist.h(17): error C2238: unexpected token(s) preceding ';'
c:\users\le minh phuc\documents\spa\emptygeneraltesting\source\pkb\statementlist.h(20): error C2061: syntax error: identifier 'StatementContainer'
c:\users\le minh phuc\documents\spa\emptygeneraltesting\source\pkb\statementlist.h(33): error C2143: syntax error: missing ';' before '*'
c:\users\le minh phuc\documents\spa\emptygeneraltesting\source\pkb\statementlist.h(33): error C4430: missing type specifier - int assumed. Note: C++ does not support default-int
c:\users\le minh phuc\documents\spa\emptygeneraltesting\source\pkb\statementlist.h(33): error C2238: unexpected token(s) preceding ';'
c:\users\le minh phuc\documents\spa\emptygeneraltesting\source\pkb\statementlist.h(34): error C2143: syntax error: missing ';' before '*'
c:\users\le minh phuc\documents\spa\emptygeneraltesting\source\pkb\statementlist.h(34): error C4430: missing type specifier - int assumed. Note: C++ does not support default-int
c:\users\le minh phuc\documents\spa\emptygeneraltesting\source\pkb\statementlist.h(34): error C2238: unexpected token(s) preceding ';'
c:\users\le minh phuc\documents\spa\emptygeneraltesting\unittesting\statementlisttest.cpp(16): error C2664: 'StatementList::StatementList(StatementList &&)': cannot convert argument 1 from 'nullptr' to 'const StatementList &'
  c:\users\le minh phuc\documents\spa\emptygeneraltesting\unittesting\statementlisttest.cpp(16): note: Reason: cannot convert from 'nullptr' to 'const StatementList'
  c:\users\le minh phuc\documents\spa\emptygeneraltesting\unittesting\statementlisttest.cpp(16): note: No constructor could take the source type, or constructor overload resolution was ambiguous
c:\users\le minh phuc\documents\spa\emptygeneraltesting\unittesting\statementlisttest.cpp(17): error C2039: 'getParent': is not a member of 'StatementList'
  c:\users\le minh phuc\documents\spa\emptygeneraltesting\source\pkb\statementlist.h(13): note: see declaration of 'StatementList'
c:\users\le minh phuc\documents\spa\emptygeneraltesting\unittesting\statementlisttest.cpp(25): error C2664: 'StatementList::StatementList(StatementList &&)': cannot convert argument 1 from 'Statement *' to 'const StatementList &'
  c:\users\le minh phuc\documents\spa\emptygeneraltesting\unittesting\statementlisttest.cpp(25): note: Reason: cannot convert from 'Statement *' to 'const StatementList'
  c:\users\le minh phuc\documents\spa\emptygeneraltesting\unittesting\statementlisttest.cpp(25): note: No constructor could take the source type, or constructor overload resolution was ambiguous
c:\users\le minh phuc\documents\spa\emptygeneraltesting\unittesting\statementlisttest.cpp(27): error C2039: 'getParent': is not a member of 'StatementList'
  c:\users\le minh phuc\documents\spa\emptygeneraltesting\source\pkb\statementlist.h(13): note: see declaration of 'StatementList'
c:\users\le minh phuc\documents\spa\emptygeneraltesting\unittesting\statementlisttest.cpp(36): error C2664: 'StatementList::StatementList(StatementList &&)': cannot convert argument 1 from 'Statement *' to 'const StatementList &'
  c:\users\le minh phuc\documents\spa\emptygeneraltesting\unittesting\statementlisttest.cpp(36): note: Reason: cannot convert from 'Statement *' to 'const StatementList'
  c:\users\le minh phuc\documents\spa\emptygeneraltesting\unittesting\statementlisttest.cpp(36): note: No constructor could take the source type, or constructor overload resolution was ambiguous
c:\users\le minh phuc\documents\spa\emptygeneraltesting\unittesting\statementlisttest.cpp(40): error C2039: 'getCurr': is not a member of 'StatementList'
  c:\users\le minh phuc\documents\spa\emptygeneraltesting\source\pkb\statementlist.h(13): note: see declaration of 'StatementList'
c:\users\le minh phuc\documents\spa\emptygeneraltesting\unittesting\statementlisttest.cpp(52): error C2039: 'getCurr': is not a member of 'StatementList'
  c:\users\le minh phuc\documents\spa\emptygeneraltesting\source\pkb\statementlist.h(13): note: see declaration of 'StatementList'
  Generating Code...
